
ROM used:   6256/16384 (38%)
            6256/16384 (38%) including unused fragments

            3.3 Average locations per line
            20.4 Average locations per statement

RAM used:   59/768 (8%) at main() level
            120/768 (16%) worst case

Stack used: 4 worst case (3 in main + 1 for interrupts)
Stack size: 31

Lines Stmts  %   Files
----- ----- ---  -----
  123    46  15  main.c
  753     0   0  C:\Program Files (x86)\PICCV5025\Devices\18F2480.h
  465   137  45  C:\Program Files (x86)\PICCV5025\Drivers\can-18xxx8.c
  377     0   0  C:\Program Files (x86)\PICCV5025\Drivers\can-18xxx8.h
  205   123  40  spd800.c
----- -----
 1923   306 Total

Page ROM  %  RAM    Vol Diff  Functions:
---- --- --- ---    --- ----  ----------
0     38   0    1             @delay_ms1
0     28   0    1             @I2C_WRITEU_1
0     28   0    1             @I2C_READU_1
0    220   2    1   1216  5.3  can_init
0     48   0    0    255  2.3  can_set_baud
0     34   0    2     76  3.1  can_set_mode
0    304   2   13   1128  6.5  can_set_id
0    194   2   17   1074  8.6  can_putd
0     66   1    6    459 11.3  crc8
0     38   0    0             @const891
0     32   0    3             @PSTRINGCN_38400_31766_31767
0     40   0    3             @DIV88
0    108   1    2             @PRINTF_U_38400_31766_31767
0     38   0    0             @const900
0     38   0    0             @const901
0     24   0    0             @const906
0     24   0    0             @const907
0     24   0    0             @const908
0     86   1    2    202  2.2  softreset
0     26   0    0             @const912
0     26   0    0   2367  9.4  @const913
0     24   0    0   1631  2.9  @const922
0     24   0    0             @const923
0     24   0    0             @const924
0     24   0    0             @const925
0     24   0    0             @const926
0     24   0    0             @const927
0     30   0    0             @const928
0     66   1    2             @PRINTF_X_38400_31766_31767
0     30   0    0             @const932
0     30   0    0             @const933
0     30   0    0             @const934
0     30   0    0             @const935
0     30   0    0             @const936
0     30   0    0   2367  9.4  @const937
0    126   1    3    317  3.6  cmd_pressure
0     24   0    0    317  3.6  @const942
0     24   0    0             @const943
0     24   0    0   2367  9.4  @const944
0    852   7   33   2922  5.1  measure_pressure
0     36   0    0   2814  5.1  @const959
0     36   0    0             @const960
0     36   0    0             @const961
0     36   0    0             @const962
0     36   0    0             @const963
0     36   0    0             @const964
0     36   0    0             @const965
0     36   0    0             @const966
0     36   0    0             @const967
0     36   0    0             @const968
0     16   0    0             @const969
0     16   0    0             @const970
0     16   0    0             @const971
0     72   1    2             @SITOF
0    346   3   14             @DIVFF
0     56   0    2             @ITOF
0     26   0    0             @const979
0    230   2    9             @PRINTF_LD_38400_31766_31767
0     26   0    0             @const982
0    244   2   11             @MULFF
0     64   1    5             @FTOSD
0    142   1   13             @DIV3232
0    384   3   13   2367  9.4  @PRINTF_L32D_38400_31766_31767FPFPF
0     24   0    0   2367  9.4  @const994
0     12   0    0     17  1.3  isr_timer2
0    778   6   32   2367  9.4  MAIN
0     22   0    0             @const1016
0     34   0    2             @PSTRINGC_38400_31766_31767
0     14   0    0             @const1018
0     24   0    0             @const1019
0     26   0    0             @const1020
0    168   1   12             @PRINTF_L32U_38400_31766_31767
0     34   0    0             @const1023
0     18   0    0             @const1026
 Inline         0             @cinit1

Program metrics:
    Functions               19
    Statements              306
    Comments                678
    Volume (V)              41360
    Difficulty (D)          113.9
    Effort to implement (E) 4712289
    Time to implement (T)   72 hours, 43 minutes
    Est Delivered Bugs (B)  9
    Cyclomatic Complexity   34
    Maintainability (MI)    94

 Segment     Used  Free
-----------  ----  ----
00000-00002     4  0  
00004-00006     0  4  
00008-000AC   166  0  
000AE-03FFE  6086  10124  



